<?xml version="1.0" encoding="UTF-8"?>
<!-- Generated by org.testng.reporters.JUnitXMLReporter -->
<testsuite hostname="New-PC" ignored="0" name="Test" tests="3" failures="0" timestamp="2020-12-08T20:14:23 IST" time="52.738" errors="0">
  <testcase name="compare" time="2.019" classname="com.grootantech.qa.testcases.ImageComparison"/>
  <testcase name="teamsImageComparison" time="19.115" classname="com.grootantech.qa.testcases.ImageComparison"/>
  <testcase name="junioreng" time="0.305" classname="com.grootantech.qa.testcases.ImageComparison"/>
</testsuite> <!-- Test -->
