<?xml version="1.0" encoding="UTF-8"?>
<!-- Generated by org.testng.reporters.JUnitXMLReporter -->
<testsuite hostname="New-PC" ignored="0" name="Test" tests="3" failures="0" timestamp="2020-12-08T09:22:06 IST" time="50.278" errors="0">
  <testcase name="compare" time="5.217" classname="com.grootantech.qa.testcases.ImageComparison"/>
  <testcase name="teamsImageComparison" time="18.768" classname="com.grootantech.qa.testcases.ImageComparison"/>
  <testcase name="junioreng" time="0.517" classname="com.grootantech.qa.testcases.ImageComparison"/>
</testsuite> <!-- Test -->
