<?xml version="1.0" encoding="UTF-8"?>
<testng-results skipped="0" failed="0" ignored="0" total="3" passed="3">
  <reporter-output>
  </reporter-output>
  <suite name="Suite" duration-ms="52738" started-at="2020-12-08T20:13:30 IST" finished-at="2020-12-08T20:14:23 IST">
    <groups>
    </groups>
    <test name="Test" duration-ms="52738" started-at="2020-12-08T20:13:30 IST" finished-at="2020-12-08T20:14:23 IST">
      <class name="com.grootantech.qa.testcases.ImageComparison">
        <test-method status="PASS" signature="setup()[pri:0, instance:com.grootantech.qa.testcases.ImageComparison@18c1321]" name="setup" is-config="true" duration-ms="25814" started-at="2020-12-08T20:13:30 IST" finished-at="2020-12-08T20:13:56 IST">
          <reporter-output>
          </reporter-output>
        </test-method> <!-- setup -->
        <test-method status="PASS" signature="compare()[pri:1, instance:com.grootantech.qa.testcases.ImageComparison@18c1321]" name="compare" duration-ms="2019" started-at="2020-12-08T20:13:56 IST" finished-at="2020-12-08T20:13:58 IST">
          <reporter-output>
          </reporter-output>
        </test-method> <!-- compare -->
        <test-method status="PASS" signature="reportStaus(org.testng.ITestResult, java.lang.String)[pri:0, instance:com.grootantech.qa.testcases.ImageComparison@18c1321]" name="reportStaus" is-config="true" duration-ms="3723" started-at="2020-12-08T20:13:58 IST" finished-at="2020-12-08T20:14:02 IST">
          <params>
            <param index="0">
              <value>
                <![CDATA[[TestResult name=compare status=SUCCESS method=ImageComparison.compare()[pri:1, instance:com.grootantech.qa.testcases.ImageComparison@18c1321] output={null}]]]>
              </value>
            </param>
            <param index="1">
              <value>
                <![CDATA[ScreenshotFolder3]]>
              </value>
            </param>
          </params>
          <reporter-output>
          </reporter-output>
        </test-method> <!-- reportStaus -->
        <test-method status="PASS" signature="teamsImageComparison()[pri:2, instance:com.grootantech.qa.testcases.ImageComparison@18c1321]" name="teamsImageComparison" duration-ms="19115" started-at="2020-12-08T20:14:02 IST" finished-at="2020-12-08T20:14:21 IST">
          <reporter-output>
          </reporter-output>
        </test-method> <!-- teamsImageComparison -->
        <test-method status="PASS" signature="reportStaus(org.testng.ITestResult, java.lang.String)[pri:0, instance:com.grootantech.qa.testcases.ImageComparison@18c1321]" name="reportStaus" is-config="true" duration-ms="428" started-at="2020-12-08T20:14:21 IST" finished-at="2020-12-08T20:14:21 IST">
          <params>
            <param index="0">
              <value>
                <![CDATA[[TestResult name=teamsImageComparison status=SUCCESS method=ImageComparison.teamsImageComparison()[pri:2, instance:com.grootantech.qa.testcases.ImageComparison@18c1321] output={null}]]]>
              </value>
            </param>
            <param index="1">
              <value>
                <![CDATA[ScreenshotFolder3]]>
              </value>
            </param>
          </params>
          <reporter-output>
          </reporter-output>
        </test-method> <!-- reportStaus -->
        <test-method status="PASS" signature="junioreng()[pri:3, instance:com.grootantech.qa.testcases.ImageComparison@18c1321]" name="junioreng" duration-ms="305" started-at="2020-12-08T20:14:21 IST" finished-at="2020-12-08T20:14:22 IST">
          <reporter-output>
          </reporter-output>
        </test-method> <!-- junioreng -->
        <test-method status="PASS" signature="reportStaus(org.testng.ITestResult, java.lang.String)[pri:0, instance:com.grootantech.qa.testcases.ImageComparison@18c1321]" name="reportStaus" is-config="true" duration-ms="516" started-at="2020-12-08T20:14:22 IST" finished-at="2020-12-08T20:14:22 IST">
          <params>
            <param index="0">
              <value>
                <![CDATA[[TestResult name=junioreng status=SUCCESS method=ImageComparison.junioreng()[pri:3, instance:com.grootantech.qa.testcases.ImageComparison@18c1321] output={null}]]]>
              </value>
            </param>
            <param index="1">
              <value>
                <![CDATA[ScreenshotFolder3]]>
              </value>
            </param>
          </params>
          <reporter-output>
          </reporter-output>
        </test-method> <!-- reportStaus -->
        <test-method status="PASS" signature="endReport()[pri:0, instance:com.grootantech.qa.testcases.ImageComparison@18c1321]" name="endReport" is-config="true" duration-ms="699" started-at="2020-12-08T20:14:22 IST" finished-at="2020-12-08T20:14:23 IST">
          <reporter-output>
          </reporter-output>
        </test-method> <!-- endReport -->
      </class> <!-- com.grootantech.qa.testcases.ImageComparison -->
    </test> <!-- Test -->
  </suite> <!-- Suite -->
</testng-results>
